
Command: shopt -s histappend
Output:

Exit Code: 0
----
Command: pwd
Output:
/Users/abuzaid/Desktop/anaylst/task2
Exit Code: 0
----
Command: git remote add origin https://github.com/Abuzaid-01/task-2.git
Output:
error: remote origin already exists.
Exit Code: 3
----
Command: git branch -M main
Output:

Exit Code: 0
----
Command: git push -u origin main
Output:
Everything up-to-date
branch 'main' set up to track 'origin/main'.
Exit Code: 0
----
Command: git remote add origin https://github.com/Abuzaid-01/task-2.git
Output:
error: remote origin already exists.
Exit Code: 3
----
Command: git branch -M main
Output:

Exit Code: 0
----
Command: git push -u origin main
Output:
Everything up-to-date
branch 'main' set up to track 'origin/main'.
Exit Code: 0
----
